[2025-03-06 15:24:34] local.ERROR: Route [login] not defined. {"exception":"[object] (Symfony\\Component\\Routing\\Exception\\RouteNotFoundException(code: 0): Route [login] not defined. at H:\\H_Document\\PHP_PROGRAM\\jwt_laravel\\backend\\vendor\\laravel\\framework\\src\\Illuminate\\Routing\\UrlGenerator.php:517)
[stacktrace]
#0 H:\\H_Document\\PHP_PROGRAM\\jwt_laravel\\backend\\vendor\\laravel\\framework\\src\\Illuminate\\Foundation\\helpers.php(853): Illuminate\\Routing\\UrlGenerator->route('login', Array, true)
#1 H:\\H_Document\\PHP_PROGRAM\\jwt_laravel\\backend\\vendor\\laravel\\framework\\src\\Illuminate\\Foundation\\Configuration\\ApplicationBuilder.php(278): route('login')
#2 [internal function]: Illuminate\\Foundation\\Configuration\\ApplicationBuilder->Illuminate\\Foundation\\Configuration\\{closure}(Object(Illuminate\\Http\\Request))
#3 H:\\H_Document\\PHP_PROGRAM\\jwt_laravel\\backend\\vendor\\laravel\\framework\\src\\Illuminate\\Auth\\Middleware\\Authenticate.php(118): call_user_func(Object(Closure), Object(Illuminate\\Http\\Request))
#4 H:\\H_Document\\PHP_PROGRAM\\jwt_laravel\\backend\\vendor\\laravel\\framework\\src\\Illuminate\\Auth\\Middleware\\Authenticate.php(105): Illuminate\\Auth\\Middleware\\Authenticate->redirectTo(Object(Illuminate\\Http\\Request))
#5 H:\\H_Document\\PHP_PROGRAM\\jwt_laravel\\backend\\vendor\\laravel\\framework\\src\\Illuminate\\Auth\\Middleware\\Authenticate.php(88): Illuminate\\Auth\\Middleware\\Authenticate->unauthenticated(Object(Illuminate\\Http\\Request), Array)
#6 H:\\H_Document\\PHP_PROGRAM\\jwt_laravel\\backend\\vendor\\laravel\\framework\\src\\Illuminate\\Auth\\Middleware\\Authenticate.php(62): Illuminate\\Auth\\Middleware\\Authenticate->authenticate(Object(Illuminate\\Http\\Request), Array)
#7 H:\\H_Document\\PHP_PROGRAM\\jwt_laravel\\backend\\vendor\\laravel\\framework\\src\\Illuminate\\Pipeline\\Pipeline.php(183): Illuminate\\Auth\\Middleware\\Authenticate->handle(Object(Illuminate\\Http\\Request), Object(Closure), 'api')
#8 H:\\H_Document\\PHP_PROGRAM\\jwt_laravel\\backend\\vendor\\laravel\\framework\\src\\Illuminate\\Pipeline\\Pipeline.php(119): Illuminate\\Pipeline\\Pipeline->Illuminate\\Pipeline\\{closure}(Object(Illuminate\\Http\\Request))
#9 H:\\H_Document\\PHP_PROGRAM\\jwt_laravel\\backend\\vendor\\laravel\\framework\\src\\Illuminate\\Routing\\Router.php(807): Illuminate\\Pipeline\\Pipeline->then(Object(Closure))
#10 H:\\H_Document\\PHP_PROGRAM\\jwt_laravel\\backend\\vendor\\laravel\\framework\\src\\Illuminate\\Routing\\Router.php(786): Illuminate\\Routing\\Router->runRouteWithinStack(Object(Illuminate\\Routing\\Route), Object(Illuminate\\Http\\Request))
#11 H:\\H_Document\\PHP_PROGRAM\\jwt_laravel\\backend\\vendor\\laravel\\framework\\src\\Illuminate\\Routing\\Router.php(750): Illuminate\\Routing\\Router->runRoute(Object(Illuminate\\Http\\Request), Object(Illuminate\\Routing\\Route))
#12 H:\\H_Document\\PHP_PROGRAM\\jwt_laravel\\backend\\vendor\\laravel\\framework\\src\\Illuminate\\Routing\\Router.php(739): Illuminate\\Routing\\Router->dispatchToRoute(Object(Illuminate\\Http\\Request))
#13 H:\\H_Document\\PHP_PROGRAM\\jwt_laravel\\backend\\vendor\\laravel\\framework\\src\\Illuminate\\Foundation\\Http\\Kernel.php(201): Illuminate\\Routing\\Router->dispatch(Object(Illuminate\\Http\\Request))
#14 H:\\H_Document\\PHP_PROGRAM\\jwt_laravel\\backend\\vendor\\laravel\\framework\\src\\Illuminate\\Pipeline\\Pipeline.php(144): Illuminate\\Foundation\\Http\\Kernel->Illuminate\\Foundation\\Http\\{closure}(Object(Illuminate\\Http\\Request))
#15 H:\\H_Document\\PHP_PROGRAM\\jwt_laravel\\backend\\vendor\\laravel\\framework\\src\\Illuminate\\Foundation\\Http\\Middleware\\TransformsRequest.php(21): Illuminate\\Pipeline\\Pipeline->Illuminate\\Pipeline\\{closure}(Object(Illuminate\\Http\\Request))
#16 H:\\H_Document\\PHP_PROGRAM\\jwt_laravel\\backend\\vendor\\laravel\\framework\\src\\Illuminate\\Foundation\\Http\\Middleware\\ConvertEmptyStringsToNull.php(31): Illuminate\\Foundation\\Http\\Middleware\\TransformsRequest->handle(Object(Illuminate\\Http\\Request), Object(Closure))
#17 H:\\H_Document\\PHP_PROGRAM\\jwt_laravel\\backend\\vendor\\laravel\\framework\\src\\Illuminate\\Pipeline\\Pipeline.php(183): Illuminate\\Foundation\\Http\\Middleware\\ConvertEmptyStringsToNull->handle(Object(Illuminate\\Http\\Request), Object(Closure))
#18 H:\\H_Document\\PHP_PROGRAM\\jwt_laravel\\backend\\vendor\\laravel\\framework\\src\\Illuminate\\Foundation\\Http\\Middleware\\TransformsRequest.php(21): Illuminate\\Pipeline\\Pipeline->Illuminate\\Pipeline\\{closure}(Object(Illuminate\\Http\\Request))
#19 H:\\H_Document\\PHP_PROGRAM\\jwt_laravel\\backend\\vendor\\laravel\\framework\\src\\Illuminate\\Foundation\\Http\\Middleware\\TrimStrings.php(51): Illuminate\\Foundation\\Http\\Middleware\\TransformsRequest->handle(Object(Illuminate\\Http\\Request), Object(Closure))
#20 H:\\H_Document\\PHP_PROGRAM\\jwt_laravel\\backend\\vendor\\laravel\\framework\\src\\Illuminate\\Pipeline\\Pipeline.php(183): Illuminate\\Foundation\\Http\\Middleware\\TrimStrings->handle(Object(Illuminate\\Http\\Request), Object(Closure))
#21 H:\\H_Document\\PHP_PROGRAM\\jwt_laravel\\backend\\vendor\\laravel\\framework\\src\\Illuminate\\Http\\Middleware\\ValidatePostSize.php(27): Illuminate\\Pipeline\\Pipeline->Illuminate\\Pipeline\\{closure}(Object(Illuminate\\Http\\Request))
#22 H:\\H_Document\\PHP_PROGRAM\\jwt_laravel\\backend\\vendor\\laravel\\framework\\src\\Illuminate\\Pipeline\\Pipeline.php(183): Illuminate\\Http\\Middleware\\ValidatePostSize->handle(Object(Illuminate\\Http\\Request), Object(Closure))
#23 H:\\H_Document\\PHP_PROGRAM\\jwt_laravel\\backend\\vendor\\laravel\\framework\\src\\Illuminate\\Foundation\\Http\\Middleware\\PreventRequestsDuringMaintenance.php(110): Illuminate\\Pipeline\\Pipeline->Illuminate\\Pipeline\\{closure}(Object(Illuminate\\Http\\Request))
#24 H:\\H_Document\\PHP_PROGRAM\\jwt_laravel\\backend\\vendor\\laravel\\framework\\src\\Illuminate\\Pipeline\\Pipeline.php(183): Illuminate\\Foundation\\Http\\Middleware\\PreventRequestsDuringMaintenance->handle(Object(Illuminate\\Http\\Request), Object(Closure))
#25 H:\\H_Document\\PHP_PROGRAM\\jwt_laravel\\backend\\vendor\\laravel\\framework\\src\\Illuminate\\Http\\Middleware\\HandleCors.php(62): Illuminate\\Pipeline\\Pipeline->Illuminate\\Pipeline\\{closure}(Object(Illuminate\\Http\\Request))
#26 H:\\H_Document\\PHP_PROGRAM\\jwt_laravel\\backend\\vendor\\laravel\\framework\\src\\Illuminate\\Pipeline\\Pipeline.php(183): Illuminate\\Http\\Middleware\\HandleCors->handle(Object(Illuminate\\Http\\Request), Object(Closure))
#27 H:\\H_Document\\PHP_PROGRAM\\jwt_laravel\\backend\\vendor\\laravel\\framework\\src\\Illuminate\\Http\\Middleware\\TrustProxies.php(58): Illuminate\\Pipeline\\Pipeline->Illuminate\\Pipeline\\{closure}(Object(Illuminate\\Http\\Request))
#28 H:\\H_Document\\PHP_PROGRAM\\jwt_laravel\\backend\\vendor\\laravel\\framework\\src\\Illuminate\\Pipeline\\Pipeline.php(183): Illuminate\\Http\\Middleware\\TrustProxies->handle(Object(Illuminate\\Http\\Request), Object(Closure))
#29 H:\\H_Document\\PHP_PROGRAM\\jwt_laravel\\backend\\vendor\\laravel\\framework\\src\\Illuminate\\Foundation\\Http\\Middleware\\InvokeDeferredCallbacks.php(22): Illuminate\\Pipeline\\Pipeline->Illuminate\\Pipeline\\{closure}(Object(Illuminate\\Http\\Request))
#30 H:\\H_Document\\PHP_PROGRAM\\jwt_laravel\\backend\\vendor\\laravel\\framework\\src\\Illuminate\\Pipeline\\Pipeline.php(183): Illuminate\\Foundation\\Http\\Middleware\\InvokeDeferredCallbacks->handle(Object(Illuminate\\Http\\Request), Object(Closure))
#31 H:\\H_Document\\PHP_PROGRAM\\jwt_laravel\\backend\\vendor\\laravel\\framework\\src\\Illuminate\\Pipeline\\Pipeline.php(119): Illuminate\\Pipeline\\Pipeline->Illuminate\\Pipeline\\{closure}(Object(Illuminate\\Http\\Request))
#32 H:\\H_Document\\PHP_PROGRAM\\jwt_laravel\\backend\\vendor\\laravel\\framework\\src\\Illuminate\\Foundation\\Http\\Kernel.php(176): Illuminate\\Pipeline\\Pipeline->then(Object(Closure))
#33 H:\\H_Document\\PHP_PROGRAM\\jwt_laravel\\backend\\vendor\\laravel\\framework\\src\\Illuminate\\Foundation\\Http\\Kernel.php(145): Illuminate\\Foundation\\Http\\Kernel->sendRequestThroughRouter(Object(Illuminate\\Http\\Request))
#34 H:\\H_Document\\PHP_PROGRAM\\jwt_laravel\\backend\\vendor\\laravel\\framework\\src\\Illuminate\\Foundation\\Application.php(1190): Illuminate\\Foundation\\Http\\Kernel->handle(Object(Illuminate\\Http\\Request))
#35 H:\\H_Document\\PHP_PROGRAM\\jwt_laravel\\backend\\public\\index.php(17): Illuminate\\Foundation\\Application->handleRequest(Object(Illuminate\\Http\\Request))
#36 H:\\H_Document\\PHP_PROGRAM\\jwt_laravel\\backend\\vendor\\laravel\\framework\\src\\Illuminate\\Foundation\\resources\\server.php(23): require_once('H:\\\\H_Document\\\\P...')
#37 {main}
"} 
[2025-03-06 15:24:50] local.ERROR: The token has been blacklisted {"exception":"[object] (PHPOpenSourceSaver\\JWTAuth\\Exceptions\\TokenBlacklistedException(code: 0): The token has been blacklisted at H:\\H_Document\\PHP_PROGRAM\\jwt_laravel\\backend\\vendor\\php-open-source-saver\\jwt-auth\\src\\Manager.php:114)
[stacktrace]
#0 H:\\H_Document\\PHP_PROGRAM\\jwt_laravel\\backend\\vendor\\php-open-source-saver\\jwt-auth\\src\\Manager.php(132): PHPOpenSourceSaver\\JWTAuth\\Manager->decode(Object(PHPOpenSourceSaver\\JWTAuth\\Token))
#1 H:\\H_Document\\PHP_PROGRAM\\jwt_laravel\\backend\\vendor\\php-open-source-saver\\jwt-auth\\src\\JWT.php(99): PHPOpenSourceSaver\\JWTAuth\\Manager->refresh(Object(PHPOpenSourceSaver\\JWTAuth\\Token), false, false)
#2 H:\\H_Document\\PHP_PROGRAM\\jwt_laravel\\backend\\vendor\\php-open-source-saver\\jwt-auth\\src\\JWTGuard.php(201): PHPOpenSourceSaver\\JWTAuth\\JWT->refresh(false, false)
#3 H:\\H_Document\\PHP_PROGRAM\\jwt_laravel\\backend\\app\\Http\\Controllers\\AuthController.php(82): PHPOpenSourceSaver\\JWTAuth\\JWTGuard->refresh()
#4 H:\\H_Document\\PHP_PROGRAM\\jwt_laravel\\backend\\vendor\\laravel\\framework\\src\\Illuminate\\Routing\\ControllerDispatcher.php(47): App\\Http\\Controllers\\AuthController->refresh()
#5 H:\\H_Document\\PHP_PROGRAM\\jwt_laravel\\backend\\vendor\\laravel\\framework\\src\\Illuminate\\Routing\\Route.php(266): Illuminate\\Routing\\ControllerDispatcher->dispatch(Object(Illuminate\\Routing\\Route), Object(App\\Http\\Controllers\\AuthController), 'refresh')
#6 H:\\H_Document\\PHP_PROGRAM\\jwt_laravel\\backend\\vendor\\laravel\\framework\\src\\Illuminate\\Routing\\Route.php(212): Illuminate\\Routing\\Route->runController()
#7 H:\\H_Document\\PHP_PROGRAM\\jwt_laravel\\backend\\vendor\\laravel\\framework\\src\\Illuminate\\Routing\\Router.php(808): Illuminate\\Routing\\Route->run()
#8 H:\\H_Document\\PHP_PROGRAM\\jwt_laravel\\backend\\vendor\\laravel\\framework\\src\\Illuminate\\Pipeline\\Pipeline.php(144): Illuminate\\Routing\\Router->Illuminate\\Routing\\{closure}(Object(Illuminate\\Http\\Request))
#9 H:\\H_Document\\PHP_PROGRAM\\jwt_laravel\\backend\\vendor\\laravel\\framework\\src\\Illuminate\\Routing\\Middleware\\SubstituteBindings.php(51): Illuminate\\Pipeline\\Pipeline->Illuminate\\Pipeline\\{closure}(Object(Illuminate\\Http\\Request))
#10 H:\\H_Document\\PHP_PROGRAM\\jwt_laravel\\backend\\vendor\\laravel\\framework\\src\\Illuminate\\Pipeline\\Pipeline.php(183): Illuminate\\Routing\\Middleware\\SubstituteBindings->handle(Object(Illuminate\\Http\\Request), Object(Closure))
#11 H:\\H_Document\\PHP_PROGRAM\\jwt_laravel\\backend\\vendor\\laravel\\framework\\src\\Illuminate\\Pipeline\\Pipeline.php(119): Illuminate\\Pipeline\\Pipeline->Illuminate\\Pipeline\\{closure}(Object(Illuminate\\Http\\Request))
#12 H:\\H_Document\\PHP_PROGRAM\\jwt_laravel\\backend\\vendor\\laravel\\framework\\src\\Illuminate\\Routing\\Router.php(807): Illuminate\\Pipeline\\Pipeline->then(Object(Closure))
#13 H:\\H_Document\\PHP_PROGRAM\\jwt_laravel\\backend\\vendor\\laravel\\framework\\src\\Illuminate\\Routing\\Router.php(786): Illuminate\\Routing\\Router->runRouteWithinStack(Object(Illuminate\\Routing\\Route), Object(Illuminate\\Http\\Request))
#14 H:\\H_Document\\PHP_PROGRAM\\jwt_laravel\\backend\\vendor\\laravel\\framework\\src\\Illuminate\\Routing\\Router.php(750): Illuminate\\Routing\\Router->runRoute(Object(Illuminate\\Http\\Request), Object(Illuminate\\Routing\\Route))
#15 H:\\H_Document\\PHP_PROGRAM\\jwt_laravel\\backend\\vendor\\laravel\\framework\\src\\Illuminate\\Routing\\Router.php(739): Illuminate\\Routing\\Router->dispatchToRoute(Object(Illuminate\\Http\\Request))
#16 H:\\H_Document\\PHP_PROGRAM\\jwt_laravel\\backend\\vendor\\laravel\\framework\\src\\Illuminate\\Foundation\\Http\\Kernel.php(201): Illuminate\\Routing\\Router->dispatch(Object(Illuminate\\Http\\Request))
#17 H:\\H_Document\\PHP_PROGRAM\\jwt_laravel\\backend\\vendor\\laravel\\framework\\src\\Illuminate\\Pipeline\\Pipeline.php(144): Illuminate\\Foundation\\Http\\Kernel->Illuminate\\Foundation\\Http\\{closure}(Object(Illuminate\\Http\\Request))
#18 H:\\H_Document\\PHP_PROGRAM\\jwt_laravel\\backend\\vendor\\laravel\\framework\\src\\Illuminate\\Foundation\\Http\\Middleware\\TransformsRequest.php(21): Illuminate\\Pipeline\\Pipeline->Illuminate\\Pipeline\\{closure}(Object(Illuminate\\Http\\Request))
#19 H:\\H_Document\\PHP_PROGRAM\\jwt_laravel\\backend\\vendor\\laravel\\framework\\src\\Illuminate\\Foundation\\Http\\Middleware\\ConvertEmptyStringsToNull.php(31): Illuminate\\Foundation\\Http\\Middleware\\TransformsRequest->handle(Object(Illuminate\\Http\\Request), Object(Closure))
#20 H:\\H_Document\\PHP_PROGRAM\\jwt_laravel\\backend\\vendor\\laravel\\framework\\src\\Illuminate\\Pipeline\\Pipeline.php(183): Illuminate\\Foundation\\Http\\Middleware\\ConvertEmptyStringsToNull->handle(Object(Illuminate\\Http\\Request), Object(Closure))
#21 H:\\H_Document\\PHP_PROGRAM\\jwt_laravel\\backend\\vendor\\laravel\\framework\\src\\Illuminate\\Foundation\\Http\\Middleware\\TransformsRequest.php(21): Illuminate\\Pipeline\\Pipeline->Illuminate\\Pipeline\\{closure}(Object(Illuminate\\Http\\Request))
#22 H:\\H_Document\\PHP_PROGRAM\\jwt_laravel\\backend\\vendor\\laravel\\framework\\src\\Illuminate\\Foundation\\Http\\Middleware\\TrimStrings.php(51): Illuminate\\Foundation\\Http\\Middleware\\TransformsRequest->handle(Object(Illuminate\\Http\\Request), Object(Closure))
#23 H:\\H_Document\\PHP_PROGRAM\\jwt_laravel\\backend\\vendor\\laravel\\framework\\src\\Illuminate\\Pipeline\\Pipeline.php(183): Illuminate\\Foundation\\Http\\Middleware\\TrimStrings->handle(Object(Illuminate\\Http\\Request), Object(Closure))
#24 H:\\H_Document\\PHP_PROGRAM\\jwt_laravel\\backend\\vendor\\laravel\\framework\\src\\Illuminate\\Http\\Middleware\\ValidatePostSize.php(27): Illuminate\\Pipeline\\Pipeline->Illuminate\\Pipeline\\{closure}(Object(Illuminate\\Http\\Request))
#25 H:\\H_Document\\PHP_PROGRAM\\jwt_laravel\\backend\\vendor\\laravel\\framework\\src\\Illuminate\\Pipeline\\Pipeline.php(183): Illuminate\\Http\\Middleware\\ValidatePostSize->handle(Object(Illuminate\\Http\\Request), Object(Closure))
#26 H:\\H_Document\\PHP_PROGRAM\\jwt_laravel\\backend\\vendor\\laravel\\framework\\src\\Illuminate\\Foundation\\Http\\Middleware\\PreventRequestsDuringMaintenance.php(110): Illuminate\\Pipeline\\Pipeline->Illuminate\\Pipeline\\{closure}(Object(Illuminate\\Http\\Request))
#27 H:\\H_Document\\PHP_PROGRAM\\jwt_laravel\\backend\\vendor\\laravel\\framework\\src\\Illuminate\\Pipeline\\Pipeline.php(183): Illuminate\\Foundation\\Http\\Middleware\\PreventRequestsDuringMaintenance->handle(Object(Illuminate\\Http\\Request), Object(Closure))
#28 H:\\H_Document\\PHP_PROGRAM\\jwt_laravel\\backend\\vendor\\laravel\\framework\\src\\Illuminate\\Http\\Middleware\\HandleCors.php(62): Illuminate\\Pipeline\\Pipeline->Illuminate\\Pipeline\\{closure}(Object(Illuminate\\Http\\Request))
#29 H:\\H_Document\\PHP_PROGRAM\\jwt_laravel\\backend\\vendor\\laravel\\framework\\src\\Illuminate\\Pipeline\\Pipeline.php(183): Illuminate\\Http\\Middleware\\HandleCors->handle(Object(Illuminate\\Http\\Request), Object(Closure))
#30 H:\\H_Document\\PHP_PROGRAM\\jwt_laravel\\backend\\vendor\\laravel\\framework\\src\\Illuminate\\Http\\Middleware\\TrustProxies.php(58): Illuminate\\Pipeline\\Pipeline->Illuminate\\Pipeline\\{closure}(Object(Illuminate\\Http\\Request))
#31 H:\\H_Document\\PHP_PROGRAM\\jwt_laravel\\backend\\vendor\\laravel\\framework\\src\\Illuminate\\Pipeline\\Pipeline.php(183): Illuminate\\Http\\Middleware\\TrustProxies->handle(Object(Illuminate\\Http\\Request), Object(Closure))
#32 H:\\H_Document\\PHP_PROGRAM\\jwt_laravel\\backend\\vendor\\laravel\\framework\\src\\Illuminate\\Foundation\\Http\\Middleware\\InvokeDeferredCallbacks.php(22): Illuminate\\Pipeline\\Pipeline->Illuminate\\Pipeline\\{closure}(Object(Illuminate\\Http\\Request))
#33 H:\\H_Document\\PHP_PROGRAM\\jwt_laravel\\backend\\vendor\\laravel\\framework\\src\\Illuminate\\Pipeline\\Pipeline.php(183): Illuminate\\Foundation\\Http\\Middleware\\InvokeDeferredCallbacks->handle(Object(Illuminate\\Http\\Request), Object(Closure))
#34 H:\\H_Document\\PHP_PROGRAM\\jwt_laravel\\backend\\vendor\\laravel\\framework\\src\\Illuminate\\Pipeline\\Pipeline.php(119): Illuminate\\Pipeline\\Pipeline->Illuminate\\Pipeline\\{closure}(Object(Illuminate\\Http\\Request))
#35 H:\\H_Document\\PHP_PROGRAM\\jwt_laravel\\backend\\vendor\\laravel\\framework\\src\\Illuminate\\Foundation\\Http\\Kernel.php(176): Illuminate\\Pipeline\\Pipeline->then(Object(Closure))
#36 H:\\H_Document\\PHP_PROGRAM\\jwt_laravel\\backend\\vendor\\laravel\\framework\\src\\Illuminate\\Foundation\\Http\\Kernel.php(145): Illuminate\\Foundation\\Http\\Kernel->sendRequestThroughRouter(Object(Illuminate\\Http\\Request))
#37 H:\\H_Document\\PHP_PROGRAM\\jwt_laravel\\backend\\vendor\\laravel\\framework\\src\\Illuminate\\Foundation\\Application.php(1190): Illuminate\\Foundation\\Http\\Kernel->handle(Object(Illuminate\\Http\\Request))
#38 H:\\H_Document\\PHP_PROGRAM\\jwt_laravel\\backend\\public\\index.php(17): Illuminate\\Foundation\\Application->handleRequest(Object(Illuminate\\Http\\Request))
#39 H:\\H_Document\\PHP_PROGRAM\\jwt_laravel\\backend\\vendor\\laravel\\framework\\src\\Illuminate\\Foundation\\resources\\server.php(23): require_once('H:\\\\H_Document\\\\P...')
#40 {main}
"} 
[2025-03-06 15:24:50] local.ERROR: The token has been blacklisted {"exception":"[object] (PHPOpenSourceSaver\\JWTAuth\\Exceptions\\TokenBlacklistedException(code: 0): The token has been blacklisted at H:\\H_Document\\PHP_PROGRAM\\jwt_laravel\\backend\\vendor\\php-open-source-saver\\jwt-auth\\src\\Manager.php:114)
[stacktrace]
#0 H:\\H_Document\\PHP_PROGRAM\\jwt_laravel\\backend\\vendor\\php-open-source-saver\\jwt-auth\\src\\Manager.php(132): PHPOpenSourceSaver\\JWTAuth\\Manager->decode(Object(PHPOpenSourceSaver\\JWTAuth\\Token))
#1 H:\\H_Document\\PHP_PROGRAM\\jwt_laravel\\backend\\vendor\\php-open-source-saver\\jwt-auth\\src\\JWT.php(99): PHPOpenSourceSaver\\JWTAuth\\Manager->refresh(Object(PHPOpenSourceSaver\\JWTAuth\\Token), false, false)
#2 H:\\H_Document\\PHP_PROGRAM\\jwt_laravel\\backend\\vendor\\php-open-source-saver\\jwt-auth\\src\\JWTGuard.php(201): PHPOpenSourceSaver\\JWTAuth\\JWT->refresh(false, false)
#3 H:\\H_Document\\PHP_PROGRAM\\jwt_laravel\\backend\\app\\Http\\Controllers\\AuthController.php(82): PHPOpenSourceSaver\\JWTAuth\\JWTGuard->refresh()
#4 H:\\H_Document\\PHP_PROGRAM\\jwt_laravel\\backend\\vendor\\laravel\\framework\\src\\Illuminate\\Routing\\ControllerDispatcher.php(47): App\\Http\\Controllers\\AuthController->refresh()
#5 H:\\H_Document\\PHP_PROGRAM\\jwt_laravel\\backend\\vendor\\laravel\\framework\\src\\Illuminate\\Routing\\Route.php(266): Illuminate\\Routing\\ControllerDispatcher->dispatch(Object(Illuminate\\Routing\\Route), Object(App\\Http\\Controllers\\AuthController), 'refresh')
#6 H:\\H_Document\\PHP_PROGRAM\\jwt_laravel\\backend\\vendor\\laravel\\framework\\src\\Illuminate\\Routing\\Route.php(212): Illuminate\\Routing\\Route->runController()
#7 H:\\H_Document\\PHP_PROGRAM\\jwt_laravel\\backend\\vendor\\laravel\\framework\\src\\Illuminate\\Routing\\Router.php(808): Illuminate\\Routing\\Route->run()
#8 H:\\H_Document\\PHP_PROGRAM\\jwt_laravel\\backend\\vendor\\laravel\\framework\\src\\Illuminate\\Pipeline\\Pipeline.php(144): Illuminate\\Routing\\Router->Illuminate\\Routing\\{closure}(Object(Illuminate\\Http\\Request))
#9 H:\\H_Document\\PHP_PROGRAM\\jwt_laravel\\backend\\vendor\\laravel\\framework\\src\\Illuminate\\Routing\\Middleware\\SubstituteBindings.php(51): Illuminate\\Pipeline\\Pipeline->Illuminate\\Pipeline\\{closure}(Object(Illuminate\\Http\\Request))
#10 H:\\H_Document\\PHP_PROGRAM\\jwt_laravel\\backend\\vendor\\laravel\\framework\\src\\Illuminate\\Pipeline\\Pipeline.php(183): Illuminate\\Routing\\Middleware\\SubstituteBindings->handle(Object(Illuminate\\Http\\Request), Object(Closure))
#11 H:\\H_Document\\PHP_PROGRAM\\jwt_laravel\\backend\\vendor\\laravel\\framework\\src\\Illuminate\\Pipeline\\Pipeline.php(119): Illuminate\\Pipeline\\Pipeline->Illuminate\\Pipeline\\{closure}(Object(Illuminate\\Http\\Request))
#12 H:\\H_Document\\PHP_PROGRAM\\jwt_laravel\\backend\\vendor\\laravel\\framework\\src\\Illuminate\\Routing\\Router.php(807): Illuminate\\Pipeline\\Pipeline->then(Object(Closure))
#13 H:\\H_Document\\PHP_PROGRAM\\jwt_laravel\\backend\\vendor\\laravel\\framework\\src\\Illuminate\\Routing\\Router.php(786): Illuminate\\Routing\\Router->runRouteWithinStack(Object(Illuminate\\Routing\\Route), Object(Illuminate\\Http\\Request))
#14 H:\\H_Document\\PHP_PROGRAM\\jwt_laravel\\backend\\vendor\\laravel\\framework\\src\\Illuminate\\Routing\\Router.php(750): Illuminate\\Routing\\Router->runRoute(Object(Illuminate\\Http\\Request), Object(Illuminate\\Routing\\Route))
#15 H:\\H_Document\\PHP_PROGRAM\\jwt_laravel\\backend\\vendor\\laravel\\framework\\src\\Illuminate\\Routing\\Router.php(739): Illuminate\\Routing\\Router->dispatchToRoute(Object(Illuminate\\Http\\Request))
#16 H:\\H_Document\\PHP_PROGRAM\\jwt_laravel\\backend\\vendor\\laravel\\framework\\src\\Illuminate\\Foundation\\Http\\Kernel.php(201): Illuminate\\Routing\\Router->dispatch(Object(Illuminate\\Http\\Request))
#17 H:\\H_Document\\PHP_PROGRAM\\jwt_laravel\\backend\\vendor\\laravel\\framework\\src\\Illuminate\\Pipeline\\Pipeline.php(144): Illuminate\\Foundation\\Http\\Kernel->Illuminate\\Foundation\\Http\\{closure}(Object(Illuminate\\Http\\Request))
#18 H:\\H_Document\\PHP_PROGRAM\\jwt_laravel\\backend\\vendor\\laravel\\framework\\src\\Illuminate\\Foundation\\Http\\Middleware\\TransformsRequest.php(21): Illuminate\\Pipeline\\Pipeline->Illuminate\\Pipeline\\{closure}(Object(Illuminate\\Http\\Request))
#19 H:\\H_Document\\PHP_PROGRAM\\jwt_laravel\\backend\\vendor\\laravel\\framework\\src\\Illuminate\\Foundation\\Http\\Middleware\\ConvertEmptyStringsToNull.php(31): Illuminate\\Foundation\\Http\\Middleware\\TransformsRequest->handle(Object(Illuminate\\Http\\Request), Object(Closure))
#20 H:\\H_Document\\PHP_PROGRAM\\jwt_laravel\\backend\\vendor\\laravel\\framework\\src\\Illuminate\\Pipeline\\Pipeline.php(183): Illuminate\\Foundation\\Http\\Middleware\\ConvertEmptyStringsToNull->handle(Object(Illuminate\\Http\\Request), Object(Closure))
#21 H:\\H_Document\\PHP_PROGRAM\\jwt_laravel\\backend\\vendor\\laravel\\framework\\src\\Illuminate\\Foundation\\Http\\Middleware\\TransformsRequest.php(21): Illuminate\\Pipeline\\Pipeline->Illuminate\\Pipeline\\{closure}(Object(Illuminate\\Http\\Request))
#22 H:\\H_Document\\PHP_PROGRAM\\jwt_laravel\\backend\\vendor\\laravel\\framework\\src\\Illuminate\\Foundation\\Http\\Middleware\\TrimStrings.php(51): Illuminate\\Foundation\\Http\\Middleware\\TransformsRequest->handle(Object(Illuminate\\Http\\Request), Object(Closure))
#23 H:\\H_Document\\PHP_PROGRAM\\jwt_laravel\\backend\\vendor\\laravel\\framework\\src\\Illuminate\\Pipeline\\Pipeline.php(183): Illuminate\\Foundation\\Http\\Middleware\\TrimStrings->handle(Object(Illuminate\\Http\\Request), Object(Closure))
#24 H:\\H_Document\\PHP_PROGRAM\\jwt_laravel\\backend\\vendor\\laravel\\framework\\src\\Illuminate\\Http\\Middleware\\ValidatePostSize.php(27): Illuminate\\Pipeline\\Pipeline->Illuminate\\Pipeline\\{closure}(Object(Illuminate\\Http\\Request))
#25 H:\\H_Document\\PHP_PROGRAM\\jwt_laravel\\backend\\vendor\\laravel\\framework\\src\\Illuminate\\Pipeline\\Pipeline.php(183): Illuminate\\Http\\Middleware\\ValidatePostSize->handle(Object(Illuminate\\Http\\Request), Object(Closure))
#26 H:\\H_Document\\PHP_PROGRAM\\jwt_laravel\\backend\\vendor\\laravel\\framework\\src\\Illuminate\\Foundation\\Http\\Middleware\\PreventRequestsDuringMaintenance.php(110): Illuminate\\Pipeline\\Pipeline->Illuminate\\Pipeline\\{closure}(Object(Illuminate\\Http\\Request))
#27 H:\\H_Document\\PHP_PROGRAM\\jwt_laravel\\backend\\vendor\\laravel\\framework\\src\\Illuminate\\Pipeline\\Pipeline.php(183): Illuminate\\Foundation\\Http\\Middleware\\PreventRequestsDuringMaintenance->handle(Object(Illuminate\\Http\\Request), Object(Closure))
#28 H:\\H_Document\\PHP_PROGRAM\\jwt_laravel\\backend\\vendor\\laravel\\framework\\src\\Illuminate\\Http\\Middleware\\HandleCors.php(62): Illuminate\\Pipeline\\Pipeline->Illuminate\\Pipeline\\{closure}(Object(Illuminate\\Http\\Request))
#29 H:\\H_Document\\PHP_PROGRAM\\jwt_laravel\\backend\\vendor\\laravel\\framework\\src\\Illuminate\\Pipeline\\Pipeline.php(183): Illuminate\\Http\\Middleware\\HandleCors->handle(Object(Illuminate\\Http\\Request), Object(Closure))
#30 H:\\H_Document\\PHP_PROGRAM\\jwt_laravel\\backend\\vendor\\laravel\\framework\\src\\Illuminate\\Http\\Middleware\\TrustProxies.php(58): Illuminate\\Pipeline\\Pipeline->Illuminate\\Pipeline\\{closure}(Object(Illuminate\\Http\\Request))
#31 H:\\H_Document\\PHP_PROGRAM\\jwt_laravel\\backend\\vendor\\laravel\\framework\\src\\Illuminate\\Pipeline\\Pipeline.php(183): Illuminate\\Http\\Middleware\\TrustProxies->handle(Object(Illuminate\\Http\\Request), Object(Closure))
#32 H:\\H_Document\\PHP_PROGRAM\\jwt_laravel\\backend\\vendor\\laravel\\framework\\src\\Illuminate\\Foundation\\Http\\Middleware\\InvokeDeferredCallbacks.php(22): Illuminate\\Pipeline\\Pipeline->Illuminate\\Pipeline\\{closure}(Object(Illuminate\\Http\\Request))
#33 H:\\H_Document\\PHP_PROGRAM\\jwt_laravel\\backend\\vendor\\laravel\\framework\\src\\Illuminate\\Pipeline\\Pipeline.php(183): Illuminate\\Foundation\\Http\\Middleware\\InvokeDeferredCallbacks->handle(Object(Illuminate\\Http\\Request), Object(Closure))
#34 H:\\H_Document\\PHP_PROGRAM\\jwt_laravel\\backend\\vendor\\laravel\\framework\\src\\Illuminate\\Pipeline\\Pipeline.php(119): Illuminate\\Pipeline\\Pipeline->Illuminate\\Pipeline\\{closure}(Object(Illuminate\\Http\\Request))
#35 H:\\H_Document\\PHP_PROGRAM\\jwt_laravel\\backend\\vendor\\laravel\\framework\\src\\Illuminate\\Foundation\\Http\\Kernel.php(176): Illuminate\\Pipeline\\Pipeline->then(Object(Closure))
#36 H:\\H_Document\\PHP_PROGRAM\\jwt_laravel\\backend\\vendor\\laravel\\framework\\src\\Illuminate\\Foundation\\Http\\Kernel.php(145): Illuminate\\Foundation\\Http\\Kernel->sendRequestThroughRouter(Object(Illuminate\\Http\\Request))
#37 H:\\H_Document\\PHP_PROGRAM\\jwt_laravel\\backend\\vendor\\laravel\\framework\\src\\Illuminate\\Foundation\\Application.php(1190): Illuminate\\Foundation\\Http\\Kernel->handle(Object(Illuminate\\Http\\Request))
#38 H:\\H_Document\\PHP_PROGRAM\\jwt_laravel\\backend\\public\\index.php(17): Illuminate\\Foundation\\Application->handleRequest(Object(Illuminate\\Http\\Request))
#39 H:\\H_Document\\PHP_PROGRAM\\jwt_laravel\\backend\\vendor\\laravel\\framework\\src\\Illuminate\\Foundation\\resources\\server.php(23): require_once('H:\\\\H_Document\\\\P...')
#40 {main}
"} 
[2025-03-06 15:24:51] local.ERROR: The token has been blacklisted {"exception":"[object] (PHPOpenSourceSaver\\JWTAuth\\Exceptions\\TokenBlacklistedException(code: 0): The token has been blacklisted at H:\\H_Document\\PHP_PROGRAM\\jwt_laravel\\backend\\vendor\\php-open-source-saver\\jwt-auth\\src\\Manager.php:114)
[stacktrace]
#0 H:\\H_Document\\PHP_PROGRAM\\jwt_laravel\\backend\\vendor\\php-open-source-saver\\jwt-auth\\src\\Manager.php(132): PHPOpenSourceSaver\\JWTAuth\\Manager->decode(Object(PHPOpenSourceSaver\\JWTAuth\\Token))
#1 H:\\H_Document\\PHP_PROGRAM\\jwt_laravel\\backend\\vendor\\php-open-source-saver\\jwt-auth\\src\\JWT.php(99): PHPOpenSourceSaver\\JWTAuth\\Manager->refresh(Object(PHPOpenSourceSaver\\JWTAuth\\Token), false, false)
#2 H:\\H_Document\\PHP_PROGRAM\\jwt_laravel\\backend\\vendor\\php-open-source-saver\\jwt-auth\\src\\JWTGuard.php(201): PHPOpenSourceSaver\\JWTAuth\\JWT->refresh(false, false)
#3 H:\\H_Document\\PHP_PROGRAM\\jwt_laravel\\backend\\app\\Http\\Controllers\\AuthController.php(82): PHPOpenSourceSaver\\JWTAuth\\JWTGuard->refresh()
#4 H:\\H_Document\\PHP_PROGRAM\\jwt_laravel\\backend\\vendor\\laravel\\framework\\src\\Illuminate\\Routing\\ControllerDispatcher.php(47): App\\Http\\Controllers\\AuthController->refresh()
#5 H:\\H_Document\\PHP_PROGRAM\\jwt_laravel\\backend\\vendor\\laravel\\framework\\src\\Illuminate\\Routing\\Route.php(266): Illuminate\\Routing\\ControllerDispatcher->dispatch(Object(Illuminate\\Routing\\Route), Object(App\\Http\\Controllers\\AuthController), 'refresh')
#6 H:\\H_Document\\PHP_PROGRAM\\jwt_laravel\\backend\\vendor\\laravel\\framework\\src\\Illuminate\\Routing\\Route.php(212): Illuminate\\Routing\\Route->runController()
#7 H:\\H_Document\\PHP_PROGRAM\\jwt_laravel\\backend\\vendor\\laravel\\framework\\src\\Illuminate\\Routing\\Router.php(808): Illuminate\\Routing\\Route->run()
#8 H:\\H_Document\\PHP_PROGRAM\\jwt_laravel\\backend\\vendor\\laravel\\framework\\src\\Illuminate\\Pipeline\\Pipeline.php(144): Illuminate\\Routing\\Router->Illuminate\\Routing\\{closure}(Object(Illuminate\\Http\\Request))
#9 H:\\H_Document\\PHP_PROGRAM\\jwt_laravel\\backend\\vendor\\laravel\\framework\\src\\Illuminate\\Routing\\Middleware\\SubstituteBindings.php(51): Illuminate\\Pipeline\\Pipeline->Illuminate\\Pipeline\\{closure}(Object(Illuminate\\Http\\Request))
#10 H:\\H_Document\\PHP_PROGRAM\\jwt_laravel\\backend\\vendor\\laravel\\framework\\src\\Illuminate\\Pipeline\\Pipeline.php(183): Illuminate\\Routing\\Middleware\\SubstituteBindings->handle(Object(Illuminate\\Http\\Request), Object(Closure))
#11 H:\\H_Document\\PHP_PROGRAM\\jwt_laravel\\backend\\vendor\\laravel\\framework\\src\\Illuminate\\Pipeline\\Pipeline.php(119): Illuminate\\Pipeline\\Pipeline->Illuminate\\Pipeline\\{closure}(Object(Illuminate\\Http\\Request))
#12 H:\\H_Document\\PHP_PROGRAM\\jwt_laravel\\backend\\vendor\\laravel\\framework\\src\\Illuminate\\Routing\\Router.php(807): Illuminate\\Pipeline\\Pipeline->then(Object(Closure))
#13 H:\\H_Document\\PHP_PROGRAM\\jwt_laravel\\backend\\vendor\\laravel\\framework\\src\\Illuminate\\Routing\\Router.php(786): Illuminate\\Routing\\Router->runRouteWithinStack(Object(Illuminate\\Routing\\Route), Object(Illuminate\\Http\\Request))
#14 H:\\H_Document\\PHP_PROGRAM\\jwt_laravel\\backend\\vendor\\laravel\\framework\\src\\Illuminate\\Routing\\Router.php(750): Illuminate\\Routing\\Router->runRoute(Object(Illuminate\\Http\\Request), Object(Illuminate\\Routing\\Route))
#15 H:\\H_Document\\PHP_PROGRAM\\jwt_laravel\\backend\\vendor\\laravel\\framework\\src\\Illuminate\\Routing\\Router.php(739): Illuminate\\Routing\\Router->dispatchToRoute(Object(Illuminate\\Http\\Request))
#16 H:\\H_Document\\PHP_PROGRAM\\jwt_laravel\\backend\\vendor\\laravel\\framework\\src\\Illuminate\\Foundation\\Http\\Kernel.php(201): Illuminate\\Routing\\Router->dispatch(Object(Illuminate\\Http\\Request))
#17 H:\\H_Document\\PHP_PROGRAM\\jwt_laravel\\backend\\vendor\\laravel\\framework\\src\\Illuminate\\Pipeline\\Pipeline.php(144): Illuminate\\Foundation\\Http\\Kernel->Illuminate\\Foundation\\Http\\{closure}(Object(Illuminate\\Http\\Request))
#18 H:\\H_Document\\PHP_PROGRAM\\jwt_laravel\\backend\\vendor\\laravel\\framework\\src\\Illuminate\\Foundation\\Http\\Middleware\\TransformsRequest.php(21): Illuminate\\Pipeline\\Pipeline->Illuminate\\Pipeline\\{closure}(Object(Illuminate\\Http\\Request))
#19 H:\\H_Document\\PHP_PROGRAM\\jwt_laravel\\backend\\vendor\\laravel\\framework\\src\\Illuminate\\Foundation\\Http\\Middleware\\ConvertEmptyStringsToNull.php(31): Illuminate\\Foundation\\Http\\Middleware\\TransformsRequest->handle(Object(Illuminate\\Http\\Request), Object(Closure))
#20 H:\\H_Document\\PHP_PROGRAM\\jwt_laravel\\backend\\vendor\\laravel\\framework\\src\\Illuminate\\Pipeline\\Pipeline.php(183): Illuminate\\Foundation\\Http\\Middleware\\ConvertEmptyStringsToNull->handle(Object(Illuminate\\Http\\Request), Object(Closure))
#21 H:\\H_Document\\PHP_PROGRAM\\jwt_laravel\\backend\\vendor\\laravel\\framework\\src\\Illuminate\\Foundation\\Http\\Middleware\\TransformsRequest.php(21): Illuminate\\Pipeline\\Pipeline->Illuminate\\Pipeline\\{closure}(Object(Illuminate\\Http\\Request))
#22 H:\\H_Document\\PHP_PROGRAM\\jwt_laravel\\backend\\vendor\\laravel\\framework\\src\\Illuminate\\Foundation\\Http\\Middleware\\TrimStrings.php(51): Illuminate\\Foundation\\Http\\Middleware\\TransformsRequest->handle(Object(Illuminate\\Http\\Request), Object(Closure))
#23 H:\\H_Document\\PHP_PROGRAM\\jwt_laravel\\backend\\vendor\\laravel\\framework\\src\\Illuminate\\Pipeline\\Pipeline.php(183): Illuminate\\Foundation\\Http\\Middleware\\TrimStrings->handle(Object(Illuminate\\Http\\Request), Object(Closure))
#24 H:\\H_Document\\PHP_PROGRAM\\jwt_laravel\\backend\\vendor\\laravel\\framework\\src\\Illuminate\\Http\\Middleware\\ValidatePostSize.php(27): Illuminate\\Pipeline\\Pipeline->Illuminate\\Pipeline\\{closure}(Object(Illuminate\\Http\\Request))
#25 H:\\H_Document\\PHP_PROGRAM\\jwt_laravel\\backend\\vendor\\laravel\\framework\\src\\Illuminate\\Pipeline\\Pipeline.php(183): Illuminate\\Http\\Middleware\\ValidatePostSize->handle(Object(Illuminate\\Http\\Request), Object(Closure))
#26 H:\\H_Document\\PHP_PROGRAM\\jwt_laravel\\backend\\vendor\\laravel\\framework\\src\\Illuminate\\Foundation\\Http\\Middleware\\PreventRequestsDuringMaintenance.php(110): Illuminate\\Pipeline\\Pipeline->Illuminate\\Pipeline\\{closure}(Object(Illuminate\\Http\\Request))
#27 H:\\H_Document\\PHP_PROGRAM\\jwt_laravel\\backend\\vendor\\laravel\\framework\\src\\Illuminate\\Pipeline\\Pipeline.php(183): Illuminate\\Foundation\\Http\\Middleware\\PreventRequestsDuringMaintenance->handle(Object(Illuminate\\Http\\Request), Object(Closure))
#28 H:\\H_Document\\PHP_PROGRAM\\jwt_laravel\\backend\\vendor\\laravel\\framework\\src\\Illuminate\\Http\\Middleware\\HandleCors.php(62): Illuminate\\Pipeline\\Pipeline->Illuminate\\Pipeline\\{closure}(Object(Illuminate\\Http\\Request))
#29 H:\\H_Document\\PHP_PROGRAM\\jwt_laravel\\backend\\vendor\\laravel\\framework\\src\\Illuminate\\Pipeline\\Pipeline.php(183): Illuminate\\Http\\Middleware\\HandleCors->handle(Object(Illuminate\\Http\\Request), Object(Closure))
#30 H:\\H_Document\\PHP_PROGRAM\\jwt_laravel\\backend\\vendor\\laravel\\framework\\src\\Illuminate\\Http\\Middleware\\TrustProxies.php(58): Illuminate\\Pipeline\\Pipeline->Illuminate\\Pipeline\\{closure}(Object(Illuminate\\Http\\Request))
#31 H:\\H_Document\\PHP_PROGRAM\\jwt_laravel\\backend\\vendor\\laravel\\framework\\src\\Illuminate\\Pipeline\\Pipeline.php(183): Illuminate\\Http\\Middleware\\TrustProxies->handle(Object(Illuminate\\Http\\Request), Object(Closure))
#32 H:\\H_Document\\PHP_PROGRAM\\jwt_laravel\\backend\\vendor\\laravel\\framework\\src\\Illuminate\\Foundation\\Http\\Middleware\\InvokeDeferredCallbacks.php(22): Illuminate\\Pipeline\\Pipeline->Illuminate\\Pipeline\\{closure}(Object(Illuminate\\Http\\Request))
#33 H:\\H_Document\\PHP_PROGRAM\\jwt_laravel\\backend\\vendor\\laravel\\framework\\src\\Illuminate\\Pipeline\\Pipeline.php(183): Illuminate\\Foundation\\Http\\Middleware\\InvokeDeferredCallbacks->handle(Object(Illuminate\\Http\\Request), Object(Closure))
#34 H:\\H_Document\\PHP_PROGRAM\\jwt_laravel\\backend\\vendor\\laravel\\framework\\src\\Illuminate\\Pipeline\\Pipeline.php(119): Illuminate\\Pipeline\\Pipeline->Illuminate\\Pipeline\\{closure}(Object(Illuminate\\Http\\Request))
#35 H:\\H_Document\\PHP_PROGRAM\\jwt_laravel\\backend\\vendor\\laravel\\framework\\src\\Illuminate\\Foundation\\Http\\Kernel.php(176): Illuminate\\Pipeline\\Pipeline->then(Object(Closure))
#36 H:\\H_Document\\PHP_PROGRAM\\jwt_laravel\\backend\\vendor\\laravel\\framework\\src\\Illuminate\\Foundation\\Http\\Kernel.php(145): Illuminate\\Foundation\\Http\\Kernel->sendRequestThroughRouter(Object(Illuminate\\Http\\Request))
#37 H:\\H_Document\\PHP_PROGRAM\\jwt_laravel\\backend\\vendor\\laravel\\framework\\src\\Illuminate\\Foundation\\Application.php(1190): Illuminate\\Foundation\\Http\\Kernel->handle(Object(Illuminate\\Http\\Request))
#38 H:\\H_Document\\PHP_PROGRAM\\jwt_laravel\\backend\\public\\index.php(17): Illuminate\\Foundation\\Application->handleRequest(Object(Illuminate\\Http\\Request))
#39 H:\\H_Document\\PHP_PROGRAM\\jwt_laravel\\backend\\vendor\\laravel\\framework\\src\\Illuminate\\Foundation\\resources\\server.php(23): require_once('H:\\\\H_Document\\\\P...')
#40 {main}
"} 
